<?xml version="1.0" encoding="UTF-8"?>
<!-- Generated by org.testng.reporters.JUnitReportReporter -->
<testsuite skipped="0" hostname="DESKTOP-5QL842I" name="com.LumiraDX_Test_Project.testCases.TC002_POST_Request_Categories" tests="4" failures="0" timestamp="16 Jun 2020 23:40:45 GMT" time="0.005" errors="0">
  <testcase name="checkResponseTime" time="0.001" classname="com.LumiraDX_Test_Project.testCases.TC002_POST_Request_Categories"/>
  <testcase name="checkContentType" time="0.001" classname="com.LumiraDX_Test_Project.testCases.TC002_POST_Request_Categories"/>
  <testcase name="checkStatusCode" time="0.001" classname="com.LumiraDX_Test_Project.testCases.TC002_POST_Request_Categories"/>
  <testcase name="checkContentLength" time="0.002" classname="com.LumiraDX_Test_Project.testCases.TC002_POST_Request_Categories"/>
</testsuite> <!-- com.LumiraDX_Test_Project.testCases.TC002_POST_Request_Categories -->
