<?xml version="1.0" encoding="UTF-8"?>
<!-- Generated by org.testng.reporters.JUnitReportReporter -->
<testsuite skipped="0" hostname="DESKTOP-5QL842I" name="com.LumiraDX_Test_Project.testCases.TC001_GET_Request_Categories" tests="6" failures="0" timestamp="16 Jun 2020 23:40:45 GMT" time="0.030" errors="0">
  <testcase name="checkStatusCode" time="0.001" classname="com.LumiraDX_Test_Project.testCases.TC001_GET_Request_Categories"/>
  <testcase name="checkStatusLine" time="0.001" classname="com.LumiraDX_Test_Project.testCases.TC001_GET_Request_Categories"/>
  <testcase name="checkResponseTime" time="0.002" classname="com.LumiraDX_Test_Project.testCases.TC001_GET_Request_Categories"/>
  <testcase name="checkContentType" time="0.001" classname="com.LumiraDX_Test_Project.testCases.TC001_GET_Request_Categories"/>
  <testcase name="checkResponseBody" time="0.019" classname="com.LumiraDX_Test_Project.testCases.TC001_GET_Request_Categories"/>
  <testcase name="checkContentLength" time="0.006" classname="com.LumiraDX_Test_Project.testCases.TC001_GET_Request_Categories"/>
</testsuite> <!-- com.LumiraDX_Test_Project.testCases.TC001_GET_Request_Categories -->
